Library/Bee/Android/Prj/IL2CPP/Gradle/launcher/build/intermediates/manifest_merge_blame_file/release/manifest-merger-blame-release-report.txt
1<?xml version="1.0" encoding="utf-8"?>
2<manifest xmlns:android="http://schemas.android.com/apk/res/android"
3    package="com.ViktorOharkov.PuzzlePlay"
4    android:installLocation="preferExternal"
5    android:versionCode="1"
6    android:versionName="1.0.0" >
7
8    <uses-sdk
9        android:minSdkVersion="22"
9-->src\main\AndroidManifest.xml
10        android:targetSdkVersion="33" />
10-->src\main\AndroidManifest.xml
11
12    <supports-screens
12-->src\main\AndroidManifest.xml:4:3-163
13        android:anyDensity="true"
13-->src\main\AndroidManifest.xml:4:135-160
14        android:largeScreens="true"
14-->src\main\AndroidManifest.xml:4:78-105
15        android:normalScreens="true"
15-->src\main\AndroidManifest.xml:4:49-77
16        android:smallScreens="true"
16-->src\main\AndroidManifest.xml:4:21-48
17        android:xlargeScreens="true" />
17-->src\main\AndroidManifest.xml:4:106-134
18
19    <uses-feature android:glEsVersion="0x00030000" />
19-->[:unityLibrary] AndroidManifest.xml:10:5-54
19-->[:unityLibrary] AndroidManifest.xml:10:19-51
20    <uses-feature
20-->[:unityLibrary] AndroidManifest.xml:11:5-13:36
21        android:name="android.hardware.vulkan.version"
21-->[:unityLibrary] AndroidManifest.xml:12:9-55
22        android:required="false" />
22-->[:unityLibrary] AndroidManifest.xml:13:9-33
23    <uses-feature
23-->[:unityLibrary] AndroidManifest.xml:14:5-16:36
24        android:name="android.hardware.touchscreen"
24-->[:unityLibrary] AndroidManifest.xml:15:9-52
25        android:required="false" />
25-->[:unityLibrary] AndroidManifest.xml:16:9-33
26    <uses-feature
26-->[:unityLibrary] AndroidManifest.xml:17:5-19:36
27        android:name="android.hardware.touchscreen.multitouch"
27-->[:unityLibrary] AndroidManifest.xml:18:9-63
28        android:required="false" />
28-->[:unityLibrary] AndroidManifest.xml:19:9-33
29    <uses-feature
29-->[:unityLibrary] AndroidManifest.xml:20:5-22:36
30        android:name="android.hardware.touchscreen.multitouch.distinct"
30-->[:unityLibrary] AndroidManifest.xml:21:9-72
31        android:required="false" />
31-->[:unityLibrary] AndroidManifest.xml:22:9-33
32
33    <uses-permission android:name="com.android.vending.BILLING" />
33-->[:billing-5.2.1:] AndroidManifest.xml:10:5-67
33-->[:billing-5.2.1:] AndroidManifest.xml:10:22-64
34    <!--
35    This has been added to conform with requirement from Android 11 (API level 30) onwards
36    (http://screen/9iGdBMRWDmVbRJ6), after getting confirmation in http://yaqs/995038231927980032#a1
37    -->
38    <queries>
38-->[:billing-5.2.1:] AndroidManifest.xml:16:5-20:15
39        <intent>
39-->[:billing-5.2.1:] AndroidManifest.xml:17:9-19:18
40            <action android:name="com.android.vending.billing.InAppBillingService.BIND" />
40-->[:billing-5.2.1:] AndroidManifest.xml:18:13-91
40-->[:billing-5.2.1:] AndroidManifest.xml:18:21-88
41        </intent>
42    </queries>
43
44    <application
44-->src\main\AndroidManifest.xml:3:3-83
45        android:extractNativeLibs="true"
45-->[:unityLibrary] AndroidManifest.xml:24:18-50
46        android:icon="@mipmap/app_icon"
46-->src\main\AndroidManifest.xml:3:49-80
47        android:label="@string/app_name" >
47-->src\main\AndroidManifest.xml:3:16-48
48        <meta-data
48-->[:unityLibrary] AndroidManifest.xml:25:9-27:33
49            android:name="unity.splash-mode"
49-->[:unityLibrary] AndroidManifest.xml:26:13-45
50            android:value="0" />
50-->[:unityLibrary] AndroidManifest.xml:27:13-30
51        <meta-data
51-->[:unityLibrary] AndroidManifest.xml:28:9-30:36
52            android:name="unity.splash-enable"
52-->[:unityLibrary] AndroidManifest.xml:29:13-47
53            android:value="True" />
53-->[:unityLibrary] AndroidManifest.xml:30:13-33
54        <meta-data
54-->[:unityLibrary] AndroidManifest.xml:31:9-33:36
55            android:name="unity.launch-fullscreen"
55-->[:unityLibrary] AndroidManifest.xml:32:13-51
56            android:value="True" />
56-->[:unityLibrary] AndroidManifest.xml:33:13-33
57        <meta-data
57-->[:unityLibrary] AndroidManifest.xml:34:9-36:50
58            android:name="notch.config"
58-->[:unityLibrary] AndroidManifest.xml:35:13-40
59            android:value="portrait|landscape" />
59-->[:unityLibrary] AndroidManifest.xml:36:13-47
60        <meta-data
60-->[:unityLibrary] AndroidManifest.xml:37:9-39:36
61            android:name="unity.auto-report-fully-drawn"
61-->[:unityLibrary] AndroidManifest.xml:38:13-57
62            android:value="true" />
62-->[:unityLibrary] AndroidManifest.xml:39:13-33
63
64        <activity
64-->[:unityLibrary] AndroidManifest.xml:41:9-62:20
65            android:name="com.unity3d.player.UnityPlayerActivity"
65-->[:unityLibrary] AndroidManifest.xml:42:13-66
66            android:configChanges="mcc|mnc|locale|touchscreen|keyboard|keyboardHidden|navigation|orientation|screenLayout|uiMode|screenSize|smallestScreenSize|fontScale|layoutDirection|density"
66-->[:unityLibrary] AndroidManifest.xml:43:13-194
67            android:exported="true"
67-->[:unityLibrary] AndroidManifest.xml:44:13-36
68            android:hardwareAccelerated="false"
68-->[:unityLibrary] AndroidManifest.xml:45:13-48
69            android:launchMode="singleTask"
69-->[:unityLibrary] AndroidManifest.xml:46:13-44
70            android:resizeableActivity="false"
70-->[:unityLibrary] AndroidManifest.xml:47:13-47
71            android:screenOrientation="portrait"
71-->[:unityLibrary] AndroidManifest.xml:48:13-49
72            android:theme="@style/UnityThemeSelector" >
72-->[:unityLibrary] AndroidManifest.xml:49:13-54
73            <intent-filter>
73-->[:unityLibrary] AndroidManifest.xml:50:13-54:29
74                <category android:name="android.intent.category.LAUNCHER" />
74-->[:unityLibrary] AndroidManifest.xml:51:17-77
74-->[:unityLibrary] AndroidManifest.xml:51:27-74
75
76                <action android:name="android.intent.action.MAIN" />
76-->[:unityLibrary] AndroidManifest.xml:53:17-69
76-->[:unityLibrary] AndroidManifest.xml:53:25-66
77            </intent-filter>
78
79            <meta-data
79-->[:unityLibrary] AndroidManifest.xml:56:13-58:40
80                android:name="unityplayer.UnityActivity"
80-->[:unityLibrary] AndroidManifest.xml:57:17-57
81                android:value="true" />
81-->[:unityLibrary] AndroidManifest.xml:58:17-37
82            <meta-data
82-->[:unityLibrary] AndroidManifest.xml:59:13-61:40
83                android:name="notch_support"
83-->[:unityLibrary] AndroidManifest.xml:60:17-45
84                android:value="true" />
84-->[:unityLibrary] AndroidManifest.xml:61:17-37
85        </activity>
86
87        <meta-data
87-->[:billing-5.2.1:] AndroidManifest.xml:23:9-25:37
88            android:name="com.google.android.play.billingclient.version"
88-->[:billing-5.2.1:] AndroidManifest.xml:24:13-73
89            android:value="5.2.1" />
89-->[:billing-5.2.1:] AndroidManifest.xml:25:13-34
90
91        <activity
91-->[:billing-5.2.1:] AndroidManifest.xml:27:9-31:75
92            android:name="com.android.billingclient.api.ProxyBillingActivity"
92-->[:billing-5.2.1:] AndroidManifest.xml:28:13-78
93            android:configChanges="keyboard|keyboardHidden|screenLayout|screenSize|orientation"
93-->[:billing-5.2.1:] AndroidManifest.xml:29:13-96
94            android:exported="false"
94-->[:billing-5.2.1:] AndroidManifest.xml:30:13-37
95            android:theme="@android:style/Theme.Translucent.NoTitleBar" />
95-->[:billing-5.2.1:] AndroidManifest.xml:31:13-72
96    </application>
97
98</manifest>